Log started at 04.07.2022	12:08:59
Number of used processors (NPROC): 4.
Number of mesh partitions (NPART): 4.
Total Physical Memory = 11.87 Gb, Available Physical Memory = 6.47 Gb
Computer name:	DESKTOP-OE63I79
Operating system:	Windows 10 (or higher) (Version 10.0.19043)

SOLIDWORKS 2020 SP0.0
Flow Simulation 2020  x64 / 4708 / MESHER ver. efd_dev.4663_05.07.2019 

Project: C:\Users\Usuario ASUS\OneDrive - Universidad de Cundinamarca\Trabajo de grado\Diseño 2.0\simu\2\2.xmlconfig
Configuration name: Default
Project name: Project(1)
NGK: OFF
MBO: OFF

Mesh generation started:	4.7.2022	12:8:59
-----------------------------------------------------------------------
Mesher option run = eRunMesherNormal
-----------------------------------------------------------------------
Current CPU = 1 sec
-----------------------------------------------------------------------
Geometries initialization:
-----------------------------------------------------------------------
Loading mesh settings (global/local)...
-----------------------------------------------------------------------
Number of geometries from DB: 4
Geometry(0):
	Guid = {00000000-0000-0000-0000-000000000000}
	Fluid..
	1 Body.
	1 Real body.
	-- Bodyset 0 --
		Tolerance=0.000122474.
		31 Face(s).
			31 of b-spline type.
		25 Face(s) that have no ref faces
		21 Plane surface(s).
		3 Cylinder surface(s).
		7 Extrude surface(s).
		2156 Triangle(s).
		Getting triangle connectivities from DB: 0.000 s
		53 Edge(s).
			53 of b-spline type.
		BodyGeom reading: 0.092 s.
		25 Reference Face(s).
		2144 Reference Triangles.
		Getting triangle connectivities from DB (Ref): 0.000 s
		BodyGeom Ref reading: 0.001 s.
		Getting triangle connectivities from DB (Extra Triangulation): 0.000 s
Geometry(1):
	Guid = {dd052fb8-f4ba-414e-9721-1ae179e64a9b}
	Solid.Aluminum 6061.
	4 Bodies.
	3 Real bodies.
	-- Bodyset 1 --
		Tolerance=0.000122474.
		116 Face(s).
			116 of b-spline type.
		2 Face(s) that have no ref faces
		92 Plane surface(s).
		17 Cylinder surface(s).
		7 Extrude surface(s).
		6696 Triangle(s).
		Getting triangle connectivities from DB: 0.002 s
		233 Edge(s).
			233 of b-spline type.
		BodyGeom reading: 0.020 s.
		110 Reference Face(s).
		6684 Reference Triangles.
		Getting triangle connectivities from DB (Ref): 0.002 s
		BodyGeom Ref reading: 0.004 s.
		Getting triangle connectivities from DB (Extra Triangulation): 0.002 s
Geometry(2):
	Guid = {dd052fb8-f4ba-414e-9721-1ae179e64a9b}
	Solid.Aluminum 6061.
	1 Body.
	2 Real bodies.
	-- Bodyset 2 --
		Tolerance=0.000122474.
		12 Face(s).
			12 of b-spline type.
		0 Face(s) that have no ref faces
		10 Plane surface(s).
		2 Extrude surface(s).
		832 Triangle(s).
		Getting triangle connectivities from DB: 0.000 s
		16 Edge(s).
			16 of b-spline type.
		BodyGeom reading: 0.017 s.
		6 Reference Face(s).
		820 Reference Triangles.
		Getting triangle connectivities from DB (Ref): 0.000 s
		BodyGeom Ref reading: 0.004 s.
		Getting triangle connectivities from DB (Extra Triangulation): 0.000 s
Geometry(3):
	Guid = {00000000-0000-0000-0000-000000000000}
	Void..
	1 Body.
	4 Real bodies.
	-- Bodyset 3 --
		Tolerance=0.000122474.
		93 Face(s).
			93 of b-spline type.
		93 Face(s) that have no ref faces
		77 Plane surface(s).
		16 Cylinder surface(s).
		3676 Triangle(s).
		Getting triangle connectivities from DB: 0.001 s
		186 Edge(s).
			186 of b-spline type.
		BodyGeom reading: 0.018 s.
		93 Reference Face(s).
		3676 Reference Triangles.
		Getting triangle connectivities from DB (Ref): 0.001 s
		BodyGeom Ref reading: 0.002 s.
		Getting triangle connectivities from DB (Extra Triangulation): 0.004 s
-----------------------------------------------------------------------
Number of geometries in task: 4
Number of bodysets   in task: 4
-----------------------------------------------------------------------
	Making hash and connectivity for Bodyset ...
		CBodyGeom:
		Hash size: {16, 8, 8}.
		Mesh size: {16, 8, 8}.
		Hashing triangles...Ok.
			axis(0) tr sizes: average=95 max=224
			axis(1) tr sizes: average=45 max=441
			axis(2) tr sizes: average=40 max=500
		Number of t-connected sets:2
			(0) size=12
			(1) size=2144 cavity
		Done.
		CBodyGeomRef:
		Hashing triangles...Ok.
			axis(0) tr sizes: average=88 max=218
			axis(1) tr sizes: average=41 max=406
			axis(2) tr sizes: average=36 max=496
		Done.
	0.0063 s.
	Making hash and connectivity for Bodyset ...
		CBodyGeom:
		Hash size: {16, 8, 8}.
		Mesh size: {16, 8, 8}.
		Hashing triangles...Ok.
			axis(0) tr sizes: average=21 max=320
			axis(1) tr sizes: average=11 max=320
			axis(2) tr sizes: average=9 max=824
		Number of t-connected sets:3
			(0) size=12
			(1) size=410 cavity
			(2) size=410 cavity
		Done.
		CBodyGeomRef:
		Hashing triangles...Ok.
			axis(0) tr sizes: average=54 max=103
			axis(1) tr sizes: average=79 max=239
			axis(2) tr sizes: average=66 max=176
		Done.
	0.0182 s.
	Making hash and connectivity for Bodyset ...
		CBodyGeom:
		Hash size: {16, 16, 24}.
		Mesh size: {16, 8, 8}.
		Hashing triangles...Ok.
			axis(0) tr sizes: average=47 max=209
			axis(1) tr sizes: average=43 max=381
			axis(2) tr sizes: average=34 max=500
		Number of t-connected sets:4
			(0) size=3460
			(1) size=36 cavity
			(2) size=104 cavity
			(3) size=76 cavity
		Done.
		CBodyGeomRef:
		Hashing triangles...Ok.
			axis(0) tr sizes: average=137 max=336
			axis(1) tr sizes: average=71 max=691
			axis(2) tr sizes: average=55 max=866
		Done.
	0.0216 s.
	Making hash and connectivity for Bodyset ...
		CBodyGeom:
		Hash size: {16, 24, 24}.
		Mesh size: {16, 8, 8}.
		Hashing triangles...Ok.
			axis(0) tr sizes: average=69 max=464
			axis(1) tr sizes: average=79 max=752
			axis(2) tr sizes: average=56 max=875
		Number of t-connected sets:5
			(0) size=12
			(1) size=6468 cavity
			(2) size=36
			(3) size=76
			(4) size=104
		Done.
		CBodyGeomRef:
		Hashing triangles...Ok.
			axis(0) tr sizes: average=250 max=707
			axis(1) tr sizes: average=122 max=1171
			axis(2) tr sizes: average=102 max=1465
		Done.
	0.0491 s.
Geometries reading and preparing has taken 0.280 s.

Mapped triangles:
Hashing geometries triangles
	Triangles num=2156
	Triangles box={-0.502002  ,0.502002  ,-0.251001  ,0.251001  ,-0.001001  ,0.501001  }
		3d-hash size is 32148 bytes
	Triangles num=6696
	Triangles box={-0.502002  ,0.502002  ,-0.251001  ,0.251001  ,-0.001001  ,0.501001  }
		3d-hash size is 82140 bytes
	Triangles num=832
	Triangles box={-0.502002  ,0.502002  ,-0.251001  ,0.251001  ,-0.001001  ,0.501001  }
		3d-hash size is 8352 bytes
	Triangles num=3676
	Triangles box={-0.5  ,0.5  ,-0.25  ,0.25  ,0  ,0.5  }
		3d-hash size is 47656 bytes
Hashing peculiar surfaces triangles
Mapped triangles processed in 0.099 s.
-----------------------------------------------------------------------
Getting sectors:
Number of sectors: 0
-----------------------------------------------------------------------
-----------------------------------------------------------------------

Current CPU = 1 sec

-----------------------------------------------------------------------
Mesh dimensions:
				I[0 ]=16
				I[1 ]=8
				I[2 ]=8

Comp. domain size:
				a[0  ]=-0.501
				a[1  ]=0.501
				a[2  ]=-0.2505
				a[3  ]=0.2505
				a[4  ]=-0.0005
				a[5  ]=0.5005

Fluid calculated			1
Solid calculated			1
-----------------------------------------------------------------------
MESH Build started...
-----------------------------------------------------------------------
Mesh LEVEL = 1
-----------------------------------------------------------------------
Setting regions...OK (0.000 s)
Base mesh info------------------
	2D flag  =0
	Period   =[0, 0, 0]
	Nx=16
		x[0]=-0.501
		x[1]=-0.438355
		x[2]=-0.37573
		x[3]=-0.313105
		x[4]=-0.25048
		x[5]=-0.187855
		x[6]=-0.12523
		x[7]=-0.0626053
		x[8]=1.9668e-05
		x[9]=0.0626447
		x[10]=0.12527
		x[11]=0.187895
		x[12]=0.25052
		x[13]=0.313145
		x[14]=0.37577
		x[15]=0.438395
		x[16]=0.501
	Ny=8
		y[0]=-0.2505
		y[1]=-0.187858
		y[2]=-0.125233
		y[3]=-0.062608
		y[4]=1.70186e-05
		y[5]=0.062642
		y[6]=0.125267
		y[7]=0.187892
		y[8]=0.2505
	Nz=8
		z[0]=-0.0005
		z[1]=0.0621394
		z[2]=0.124764
		z[3]=0.187389
		z[4]=0.250014
		z[5]=0.312639
		z[6]=0.375264
		z[7]=0.437889
		z[8]=0.5005
End of base mesh info---------
Input_mesh_settings--------------------------------
Settings 0----------------
	Scope: GLOBAL
	Type:	------MESHER_SETTINGS----------
	RefAllCells           =0
	RefFluidCells         =0
	RefPartCells          =0
	RefSolidCells         =0
	l_SSFR(Capture crit)  =1
	l_curv(Curvature crit)=0
	l_tol(Tolerance crit) =0
	UseChannelRef         =1
	  NCR_method          =0
	  l_NCR               =1
	  N_gap               =5
	  Use d_NCR_min       =0
	  Use d_NCR_max       =0
	IgnoreThinChannelsHeight         =0
	--END_OF_MESHER_SETTINGS-------
End of input mesh settings-------------------------

-----------------------------------------------------------------------
Building geometries:
-----------------------------------------------------------------------
Building body-set (0) of geometry Fluid.0.(0). ...

-----------------------------------------------------------------------
Refining by triangulation...
Refinement input: 1024 bricks
Setting regions...OK (0.000 s)
Refinement result: 1080 bricks (0.007 s)
Refinement input: 1080 bricks
Refinement result: 1080 bricks (0.000 s)
Collecting and processing rays...OK (0.017 s)
Capturing...OK (0.002 s)
Refining by triangulation takes 0.029 s
-----------------------------------------------------------------------

-----------------------------------------------------------------------
Refining peculiar surfaces...
0 surfaces refined
Refining peculiar surfaces takes 0 s
-----------------------------------------------------------------------
Collecting and processing rays...OK (0.000 s)
Capturing...OK (0.000 s)
Collecting and processing rays...OK (0.000 s)
Capturing...OK (0.000 s)
Collecting and processing rays...OK (0.000 s)
Capturing...OK (0.000 s)

-----------------------------------------------------------------------
Base mesh 1 Refining...
Refinement input: 1080 bricks
Refinement result: 1080 bricks (0.000 s)
Collecting and processing rays...OK (0.000 s)
Capturing...OK (0.000 s)
-----------------------------------------------------------------------
Refining channels...
FYI: CNarrowChannelRefiner::RefineChannels_PRLL
Refinement input: 1080 bricks
Setting regions...OK (0.000 s)
Refinement result: 1878 bricks (0.001 s)
Collecting and processing rays...OK (0.013 s)
Capturing...OK (0.001 s)
FYI: m_iteration_count = 0
FYI: level1 statistics:
     level1_cnt_plus[1]=912;		level1_cnt_minus[1]=0
     level1_cnt_plus[2]=0;		level1_cnt_minus[2]=0
     level1_cnt_plus[3]=0;		level1_cnt_minus[3]=0
     level1_cnt_plus[4]=0;		level1_cnt_minus[4]=0
     level1_cnt_plus[5]=0;		level1_cnt_minus[5]=0
     level1_cnt_plus[6]=0;		level1_cnt_minus[6]=0
     level1_cnt_plus[7]=0;		level1_cnt_minus[7]=0
     level1_cnt_plus[8]=0;		level1_cnt_minus[8]=0
     level1_cnt_plus[9]=0;		level1_cnt_minus[9]=0
Refinement input: 1878 bricks
Setting regions...OK (0.000 s)
Refinement result: 1934 bricks (0.003 s)
Collecting and processing rays...OK (0.006 s)
Capturing...OK (0.002 s)
FYI: m_iteration_count = 1
FYI: level1 statistics:
     level1_cnt_plus[1]=976;		level1_cnt_minus[1]=0
     level1_cnt_plus[2]=0;		level1_cnt_minus[2]=0
     level1_cnt_plus[3]=0;		level1_cnt_minus[3]=0
     level1_cnt_plus[4]=0;		level1_cnt_minus[4]=0
     level1_cnt_plus[5]=0;		level1_cnt_minus[5]=0
     level1_cnt_plus[6]=0;		level1_cnt_minus[6]=0
     level1_cnt_plus[7]=0;		level1_cnt_minus[7]=0
     level1_cnt_plus[8]=0;		level1_cnt_minus[8]=0
     level1_cnt_plus[9]=0;		level1_cnt_minus[9]=0
Refinement input: 1934 bricks
Setting regions...OK (0.000 s)
Refinement result: 1941 bricks (0.001 s)
Collecting and processing rays...OK (0.000 s)
Capturing...OK (0.000 s)
FYI: m_iteration_count = 2
FYI: level1 statistics:
     level1_cnt_plus[1]=984;		level1_cnt_minus[1]=0
     level1_cnt_plus[2]=0;		level1_cnt_minus[2]=0
     level1_cnt_plus[3]=0;		level1_cnt_minus[3]=0
     level1_cnt_plus[4]=0;		level1_cnt_minus[4]=0
     level1_cnt_plus[5]=0;		level1_cnt_minus[5]=0
     level1_cnt_plus[6]=0;		level1_cnt_minus[6]=0
     level1_cnt_plus[7]=0;		level1_cnt_minus[7]=0
     level1_cnt_plus[8]=0;		level1_cnt_minus[8]=0
     level1_cnt_plus[9]=0;		level1_cnt_minus[9]=0
FYI: m_iteration_count = 3
FYI: level1 statistics:
     level1_cnt_plus[1]=984;		level1_cnt_minus[1]=0
     level1_cnt_plus[2]=0;		level1_cnt_minus[2]=0
     level1_cnt_plus[3]=0;		level1_cnt_minus[3]=0
     level1_cnt_plus[4]=0;		level1_cnt_minus[4]=0
     level1_cnt_plus[5]=0;		level1_cnt_minus[5]=0
     level1_cnt_plus[6]=0;		level1_cnt_minus[6]=0
     level1_cnt_plus[7]=0;		level1_cnt_minus[7]=0
     level1_cnt_plus[8]=0;		level1_cnt_minus[8]=0
     level1_cnt_plus[9]=0;		level1_cnt_minus[9]=0
FYI: level1 statistics:
     level1_cnt_plus[1]=984;		level1_cnt_minus[1]=0
     level1_cnt_plus[2]=0;		level1_cnt_minus[2]=0
     level1_cnt_plus[3]=0;		level1_cnt_minus[3]=0
     level1_cnt_plus[4]=0;		level1_cnt_minus[4]=0
     level1_cnt_plus[5]=0;		level1_cnt_minus[5]=0
     level1_cnt_plus[6]=0;		level1_cnt_minus[6]=0
     level1_cnt_plus[7]=0;		level1_cnt_minus[7]=0
     level1_cnt_plus[8]=0;		level1_cnt_minus[8]=0
     level1_cnt_plus[9]=0;		level1_cnt_minus[9]=0

-----------------------------------------------------------------------
U-shapes refinement...
Refinement input: 1941 bricks
Refinement result: 1941 bricks (0.001 s)
Collecting and processing rays...OK (0.001 s)
Capturing...OK (0.000 s)
-----------------------------------------------------------------------

-----------------------------------------------------------------------
Equi Distant Refiner:
Equi Distant Refiner takes 0.00 s
-----------------------------------------------------------------------
Building geometry takes 0.123 s
Geometry Fluid.0.
Total		1941
Partial	1011
Fluid		930
Solid		0
Bad		0

/-Ray Intersection---------------/ Time	0.013 s
Calls			874
CorrectRay Calls	0


Building body-set (1) of geometry Solid.1.Aluminum 6061(1). ...

-----------------------------------------------------------------------
Refining by triangulation...
Refinement input: 1941 bricks
Setting regions...OK (0.000 s)
Refinement result: 2648 bricks (0.009 s)
Refinement input: 2648 bricks
Refinement result: 2648 bricks (0.002 s)
Collecting and processing rays...OK (0.044 s)
Capturing...OK (0.004 s)
Refining by triangulation takes 0.063 s
-----------------------------------------------------------------------
Collecting and processing rays...OK (0.000 s)
Capturing...OK (0.000 s)
Collecting and processing rays...OK (0.000 s)
Capturing...OK (0.000 s)

-----------------------------------------------------------------------
Base mesh 1 Refining...
Refinement input: 2648 bricks
Refinement result: 2648 bricks (0.000 s)
Collecting and processing rays...OK (0.000 s)
Capturing...OK (0.000 s)
-----------------------------------------------------------------------
Building geometry takes 0.069 s
Geometry Solid.1.Aluminum 6061
Total		2648
Partial	64
Fluid		0
Solid		2584
Bad		0

/-Ray Intersection---------------/ Time	0.052 s
Calls			1118
CorrectRay Calls	0


Building body-set (2) of geometry Solid.2.Aluminum 6061(2). ...
Collecting and processing rays...OK (0.030 s)
Capturing...OK (0.002 s)
Collecting and processing rays...OK (0.000 s)
Capturing...OK (0.000 s)

-----------------------------------------------------------------------
Base mesh 1 Refining...
Refinement input: 2648 bricks
Refinement result: 2648 bricks (0.001 s)
Collecting and processing rays...OK (0.001 s)
Capturing...OK (0.000 s)
-----------------------------------------------------------------------
Building geometry takes 0.04 s
Geometry Solid.2.Aluminum 6061
Total		2648
Partial	0
Fluid		0
Solid		2648
Bad		0

/-Ray Intersection---------------/ Time	0.003 s
Calls			1118
CorrectRay Calls	0


Building body-set (3) of geometry Void.3.(3). ...
Collecting and processing rays...OK (0.038 s)
Capturing...OK (0.005 s)
Collecting and processing rays...OK (0.001 s)
Capturing...OK (0.000 s)

-----------------------------------------------------------------------
Base mesh 1 Refining...
Refinement input: 2648 bricks
Refinement result: 2648 bricks (0.000 s)
Collecting and processing rays...OK (0.000 s)
Capturing...OK (0.000 s)
-----------------------------------------------------------------------
Building geometry takes 0.05 s
Geometry Void.3.
Total		2648
Partial	1414
Fluid		80
Solid		1154
Bad		0

/-Ray Intersection---------------/ Time	0.023 s
Calls			1118
CorrectRay Calls	0



-----------------------------------------------------------------------
Building geometries takes 0.308 s
-----------------------------------------------------------------------

-----------------------------------------------------------------------
PostBuilding geometries:
-----------------------------------------------------------------------
PostBuilding body-set (0) geometry Fluid.0. (0)...
Collecting and processing rays...OK (0.077 s)
Capturing...OK (0.010 s)
PostBuilding geometry takes 0.105 s
Geometry Fluid.0.
Total		2648
Partial	1412
Fluid		1140
Solid		96
Bad		0

/-Ray Intersection---------------/ Time	0.004 s
Calls			244
CorrectRay Calls	0


PostBuilding body-set (1) geometry Solid.1.Aluminum 6061 (1)...
Collecting and processing rays...OK (0.000 s)
Capturing...OK (0.000 s)
PostBuilding geometry takes 0.001 s
Geometry Solid.1.Aluminum 6061
Total		2648
Partial	64
Fluid		0
Solid		2584
Bad		0
PostBuilding body-set (2) geometry Solid.2.Aluminum 6061 (2)...
Collecting and processing rays...OK (0.003 s)
Capturing...OK (0.003 s)
PostBuilding geometry takes 0.012 s
Geometry Solid.2.Aluminum 6061
Total		2648
Partial	0
Fluid		0
Solid		2648
Bad		0

-----------------------------------------------------------------------
PostBuilding geometries takes 0.141 s
-----------------------------------------------------------------------
Defect ray count	0
FYI: CNarrowChannelRefiner::RedistributeLevel1_step_1: is finished
FYI: level1 statistics:
     level1_cnt_plus[1]=984;		level1_cnt_minus[1]=0
     level1_cnt_plus[2]=0;		level1_cnt_minus[2]=0
     level1_cnt_plus[3]=0;		level1_cnt_minus[3]=0
     level1_cnt_plus[4]=0;		level1_cnt_minus[4]=0
     level1_cnt_plus[5]=0;		level1_cnt_minus[5]=0
     level1_cnt_plus[6]=0;		level1_cnt_minus[6]=0
     level1_cnt_plus[7]=0;		level1_cnt_minus[7]=0
     level1_cnt_plus[8]=0;		level1_cnt_minus[8]=0
     level1_cnt_plus[9]=0;		level1_cnt_minus[9]=0
FYI: CNarrowChannelRefiner::RedistributeLevel1_step_2: is started
FYI: CNarrowChannelRefiner::RedistributeLevel1_step_2: is finished
FYI: level1 statistics:
     level1_cnt_plus[1]=1550;		level1_cnt_minus[1]=0
     level1_cnt_plus[2]=0;		level1_cnt_minus[2]=0
     level1_cnt_plus[3]=0;		level1_cnt_minus[3]=0
     level1_cnt_plus[4]=0;		level1_cnt_minus[4]=0
     level1_cnt_plus[5]=0;		level1_cnt_minus[5]=0
     level1_cnt_plus[6]=0;		level1_cnt_minus[6]=0
     level1_cnt_plus[7]=0;		level1_cnt_minus[7]=0
     level1_cnt_plus[8]=0;		level1_cnt_minus[8]=0
     level1_cnt_plus[9]=0;		level1_cnt_minus[9]=0
FYI: CNarrowChannelRefiner::RedistributeLevel1_step_3: is started
FYI: CNarrowChannelRefiner::RedistributeLevel1_step_3: is finished
RedistributeLevel1 takes:
FYI: level1 statistics:
     level1_cnt_plus[1]=1550;		level1_cnt_minus[1]=210
     level1_cnt_plus[2]=0;		level1_cnt_minus[2]=0
     level1_cnt_plus[3]=0;		level1_cnt_minus[3]=0
     level1_cnt_plus[4]=0;		level1_cnt_minus[4]=0
     level1_cnt_plus[5]=0;		level1_cnt_minus[5]=0
     level1_cnt_plus[6]=0;		level1_cnt_minus[6]=0
     level1_cnt_plus[7]=0;		level1_cnt_minus[7]=0
     level1_cnt_plus[8]=0;		level1_cnt_minus[8]=0
     level1_cnt_plus[9]=0;		level1_cnt_minus[9]=0
-----------------------------------------------------------------------
MSH format builder (Iteration 0)
-----------------------------------------------------------------------
Memory Working Set Current = 36.74 Mb, Memory Working Set Peak = 39.61 Mb
Process Threads Number: 13
-----------------------------------------------------------------------
Loading geometries triangulation & x-stacks...OK
x-stacks size = 0.30 Mb
Total bricks count: 2648
-----------------------------------------------------------------------
MSH (Real Geometry) format constructor:
	Getting brick sets...OK (0.000 s)
	Min x-stack xeps = 0.000909898
	D / dh / eps [axis=0] = (1.002, 0.0313027, 3.13027e-05)
	D / dh / eps [axis=1] = (0.501, 0.031304, 3.1304e-05)
	D / dh / eps [axis=2] = (0.501, 0.0313053, 3.13053e-05)
	Time (xeps): 0.000 s
Level 1
	Set (0)  size: 928
	Set (0)  time: 0.149 s
	Set (1)  size: 928
	Set (1)  time: 0.077 s
Level 0
	Set (0)  size: 395
	Set (0)  time: 0.011 s
	Set (1)  size: 397
	Set (1)  time: 0.011 s
Result:
	Bricks number:                        2648

	Memory usage:                         1.332 MB
	Memory usage (per brick):             0.515 KB
	Construction time:                    0.250 s

	Topology features:
	------------------
	- High quality bricks                  99.81 % (2643)
	- Medium quality bricks                 0.19 % (5)
	- Bad quality bricks                    0.00 % (0)
	- Ribs corrected bricks                 0.00 % (0)
	- Points with geom-info (bricks)        0.26 % (7)
	- Points with closest-info (bricks)     1.93 % (51)
	- Triangulated by center (bricks)       0.26 % (7)
	- Facet w-faces mergings (bricks)       0.00 % (0)
	- To refine (bricks)                    0.00 % (0)

-----------------------------------------------------------------------
Memory Working Set Current = 54.06 Mb, Memory Working Set Peak = 54.06 Mb
Process Threads Number: 13
-----------------------------------------------------------------------
-----------------------------------------------------------------------
-----------------------------------------------------------------------
MSH --> BCF format (Iteration 0)...
BCF collector...(remove mode=0)
	Time (alloc counter per brick): 0.000 s
	Brick    count: 2648
	Av.f all count: 2552
	Av.s all count: 3484
	Av.f pid count: 1412
	Av.s pid count: 3484
	Faces fs count: 1947
	Faces ff count: 0
	Faces ss count: 3864
	Faces bb count: 0
	Faces fe count: 0
	Faces se count: 1696
	Faces fw count: 7507
	Faces af count: 7297
	Faces as count: 7278
	Time (all count): 	0.004 s
	Time (bcf alloc): 	0.001 s
	Time (shifts alloc): 	0.000 s
	Time (shifts init): 	0.000 s
	Time (bcf fill): 	0.007 s
	Time (add av to faces): 0.000 s
	Time (add faces to av): 0.004 s
Time (bcf collect): 		0.018 s
	AV checker...
	Time (check av): 	0.004 s
	Subdomain checker...
		Subdomains construction time: 0.001 s.
		Subdomains sort time: 0.000 s.
			Subdomain 0 (geom_ind=0): 2552 av
			Subdomain 1 (geom_ind=1): 1638 av
			Subdomain 2 (geom_ind=2): 4 av
			Subdomain 3 (geom_ind=2): 4 av
			Subdomain 4 (geom_ind=3): 1514 av
			Subdomain 5 (geom_ind=3): 144 av
			Subdomain 6 (geom_ind=3): 132 av
			Subdomain 7 (geom_ind=3): 48 av
		gi: 0, subdomains: 1, real bodies: 1
		gi: 1, subdomains: 1, real bodies: 3
			WARNING! Number of subdomains less than real bodies count.
		gi: 2, subdomains: 2, real bodies: 2
		gi: 3, subdomains: 4, real bodies: 4
		Defect subdomains: 0
	Time (check subdoms): 	0.002 s
Time (bcf iteration total): 	0.024 s
	Time (fw-nb): 		0.003 s
	Fixed mutual fw-nb:     2868 (bb: 0)
	Time (fw-nb mutual): 	0.001 s
	Time (fw-nb sort): 	0.000 s
	Fw-opt BEFORE total:    7507 (fs=1947, ff=0, ss=3864)
	Fw-opt AFTER  total:    7296 (fs=1848, ff=0, ss=3752, failed fw/br=0/0, big_curv=2, big_poly=0)
	Fw-opt RESULT:          211 (res/(fs+ff+ss) = 3.63 %)
	Time (fw-opt): 		0.001 s
	Time (fw-re-order): 	0.001 s
	Time (fw-nb): 		0.031 s
	Fixed mutual fw-nb:     15012 (bb: 0)
	Time (fw-nb mutual): 	0.002 s
	Time (fw-nb sort): 	0.000 s
	Time (rfd fix): 	0.000 s
	Time (av convexity): 	0.005 s
	Time (av small volume): 0.000 s
	Time (diagonal fw-nb): 	0.007 s
	Fixed mutual fw-nb:     0 (bb: 0)
	Time (fw-nb mutual): 	0.001 s
	Time (fw-nb sort): 	0.001 s
	Fluid subdomains: 1
	Faces fw-nb diff sd:    0
	Time (fw-nb diff sd): 	0.001 s
Time (bcf calc): 		0.060 s
-----------------------------------------------------------------------
Time (bcf total): 		0.084 s
-----------------------------------------------------------------------
-----------------------------------------------------------------------
Mega-cv constructor for fluid...
	 0 av's is treated as thin
Relative size generator (threshold = 0.05)...
	Iteration 1 (small cluster count = 0)
	 0 mega-cv's generated
	 0 mega-cv's removed
Relative size generator is completed OK (0.001 s)
Apply fa-rules to mega-cv clusters fixes...
OK (0.000 s)
Convert clusters:
	 0 mega-cv's total
Mega-cv count: 0
Time (mega-cv fill): 	0.000 s
Time (mega-cv total): 	0.004 s
-----------------------------------------------------------------------
-----------------------------------------------------------------------
Mega-cv constructor for solid...
-----------------------------------------------------------------------
-----------------------------------------------------------------------
Fixing zero lambda_v_projections for ss-faces (3752)...zero_count=0, recalc_count=0
Time=0.000 s
-----------------------------------------------------------------------

Mixing plane rotation regions: NO.
Sliding mesh rotation regions: NO.
Fluid/fluid faces: NO.
----------------------------------------------------------
BCF --> BCF.GEOMSUBDOM (bridge arrays):
MESH (0):
	Fluid Subdom Constructor: 1 subdom(s).
	Solid Subdom Constructor: 7 subdom(s).
	Net Asm Subdom Constructor: 0 subdom(s).
	GEOMSUBDOM (0): gi=0 fluid av=2552 cv=2552 fa=7297 fb=0 fw=1848 V=2.283798e-01
	Cache data...OK
	GEOMSUBDOM (1): gi=1 solid av=1638 cv=1638 fa=3472 fb=0 fw=5584 V=1.364475e-02
	Cache data...OK
	GEOMSUBDOM (2): gi=3 solid av=1514 cv=1514 fa=3126 fb=0 fw=4840 V=5.236763e-03
	Cache data...OK
	GEOMSUBDOM (3): gi=3 solid av=132 cv=132 fa=300 fb=0 fw=232 V=2.361762e-03
	Cache data...OK
	GEOMSUBDOM (4): gi=3 solid av=144 cv=144 fa=295 fb=0 fw=258 V=1.705034e-03
	Cache data...OK
	GEOMSUBDOM (5): gi=3 solid av=48 cv=48 fa=77 fb=0 fw=118 V=1.728783e-04
	Cache data...OK
	GEOMSUBDOM (6): gi=2 solid av=4 cv=4 fa=4 fb=0 fw=8 V=1.000721e-06
	Cache data...OK
	GEOMSUBDOM (7): gi=2 solid av=4 cv=4 fa=4 fb=0 fw=8 V=1.000721e-06
	Cache data...OK
	Setting nb of w-faces...OK (0.004 s).
	Correcting nb of w-faces...
	Time(correct_fw_nb)=0.002 s

MESH (0) checking:
	GEOMSUBDOM (0):fa_s=12.3381161659959968 fb_s=0.0000000000000000 fw_s=2.3061680469519783 fw_nb=14548
	              :d_const(2093)=2.795e-15 d_linear(375)=1.44515e-14
	GEOMSUBDOM (1):fa_s=0.6558775279516991 fb_s=0.0000000000000000 fw_s=5.4483146459366054 fw_nb=29826
	              :d_const(713)=4.39513e-14 d_linear(713)=2.31976e-13
	GEOMSUBDOM (2):fa_s=0.2336522114959902 fb_s=0.0000000000000000 fw_s=5.1819838207351356 fw_nb=19866
	              :d_const(1423)=4.75969e-15 d_linear(1428)=2.0341e-13
	GEOMSUBDOM (3):fa_s=0.1527012307997598 fb_s=0.0000000000000000 fw_s=0.2443186946657881 fw_nb=986
	              :d_const(37)=4.78377e-15 d_linear(64)=1.66447e-13
	GEOMSUBDOM (4):fa_s=0.1338464781740078 fb_s=0.0000000000000000 fw_s=0.1794174307705870 fw_nb=1030
	              :d_const(110)=1.50961e-13 d_linear(92)=1.38642e-12
	GEOMSUBDOM (5):fa_s=0.0081340093313426 fb_s=0.0000000000000000 fw_s=0.0484718429589048 fw_nb=470
	              :d_const(22)=5.81883e-15 d_linear(21)=9.1371e-14
	GEOMSUBDOM (6):fa_s=0.0001917520246447 fb_s=0.0000000000000000 fw_s=0.0010175950728969 fw_nb=28
	              :d_const(3)=1.55067e-16 d_linear(3)=3.40685e-14
	GEOMSUBDOM (7):fa_s=0.0001917520246441 fb_s=0.0000000000000000 fw_s=0.0010175950728909 fw_nb=28
	              :d_const(0)=8.75908e-17 d_linear(3)=2.77203e-14
MESH (0) checking: OK.
Time (MDS): 	0.023 s
----------------------------------------------------------

-----------------------------------------------------------------------
BCF CHECKSUM DATA (Mesh 0):

BRICK |Level1| Sum:               1760
FACE_A Area Sum:   G.Fluid        12.3381161659959968
FACE_A Area Sum:   G.Solid        1.1845949618020881
FACE_W Area Sum:                  7.9603598360823939
FACE_W Nb   Sum:                  36964
FACE_W min curvatures sum:        -2065.91489601
FACE_W max curvatures sum:        1200.64826202
AV Max Disbalance(Const) :        1.50961e-13 (cid=2127, t={1, 13, 12}, avid=5124, pid=2572)
AV Max Disbalance(Linear):        1.38642e-12 (cid=1845, t={1, 13, 10}, avid=4814, pid=2262)
BRICK-AV Volume Disbalance:       0 (cid=0, t={0, 0, 0})
-----------------------------------------------------------------------


-----------------------------------------------------------------------
MESHER TOPOLOGY DATA:

BRICKS: Total                 2648
BRICKS: 1-CV                  1140
BRICKS: 2-CV                  14
BRICKS: 3-CV                  1216
BRICKS: 4-CV                  170
BRICKS: 5-CV                  108
BRICKS: Bad                   0

AV:     G.Total               6036
AV:     G.Fluid               2552
AV:     G.Solid               3484

AV:     G.Fluid Thin Profile    0.00 % (0)
AV:     G.Solid Thin Profile   48.68 % (1696)

AV:     G.Fluid Thin For Mega   0.00 % (0)
AV:     G.Solid Thin For Mega  24.23 % (844)

AV:     G.Fluid Non-Convex      3.41 % (87)
AV:     G.Solid Non-Convex     47.45 % (1653)

AV:     G.Fluid Non-Ess-Convex      2.59 % (66)
AV:     G.Solid Non-Ess-Convex     46.47 % (1619)

FACE_A: G.Fluid          (af) 7297 (partially opened 2923)
FACE_A: G.Solid          (as) 7278 (partially opened 7236)

FACE_B: G.Total          (b)  0

FACE_W: G.Total                 7296        Brick/Bound
FACE_W: G.Fluid/Solid    (fs_g) 1848        0           
FACE_W: G.Fluid/Fluid    (ff_g) 0           0           
FACE_W: G.Solid/Solid    (ss_g) 3752        0           
FACE_W: G.Fluid/External (fe_g) 0
FACE_W: G.Solid/External (se_g) 1696

AV/CV max fa count (on brick side):4
AV/CV max fw count:                4
AV/CV max fb count:                0
AV/CV max fw poly count:           14

MEMORY: Total                   2.571 MB
MEMORY: Per Brick               0.994 KB
-----------------------------------------------------------------------

-----------------------------------------------------------------------
Connectivities information:
	Number of conns: 0
-----------------------------------------------------------------------
	Time (gap size): 	0.008 s
-----------------------------------------------------------------------
Calculating curvature and tolerance criteria...
Curvature: min=0 max=1.67961
Tolerance: min=0 max=0.0273096
Calculating curvature and tolerance criteria takes 0.015 s
-----------------------------------------------------------------------
MESH Build(FS) finished. Time=1.103 s
-----------------------------------------------------------------------
Current CPU = 2 sec

Nx=16
Ny=8
Nz=8
Max BRICK Level=1
Mesh Level=1
-----------------CModelBodies2MeshMapper::CollectData started -------------------------------
-----------------CModelBodies2MeshMapper Report -------------------------------
FluidDomains 1 SolidDomains 3 VoidDomains 4 
Domains RefIndexes
Domain 0, Index count 23
Domain 1, Index count 108
Domain 2, Index count 0
Domain 3, Index count 0
Domain 4, Index count 0
Domain 5, Index count 0
Domain 6, Index count 2
Domain 7, Index count 2
----------------- -------------------------------
	ModelBodies
Total resolved Bodies 8 BodySets 3
BodySet 0	Material: Aluminum 6061
	Bodies list:
			#0	Name: LID7;	ID: e3a54aa6-1cab-4071-9b57-5c673817059a
			#1	Name: LID4;	ID: 4da1ad2f-0c3c-4122-a32c-063a964272a7
			#2	Name: LID1;	ID: 0f3101dd-1022-4506-a382-794c6bf28dd3
			#3	Name: LID5;	ID: 6ddcb8b5-ef69-4233-bd59-b13e7bae8d45
			#4	Name: LID6;	ID: 68e4b931-4810-4a29-a731-f080df8882a0
			#5	Name: Boss-Extrude8;	ID: bea0adbf-0631-4c39-b539-9c7678875f1c
	Domains list:		 1 
BodySet 1	Material: Aluminum 6061
	Bodies list:
			#0	Name: LID2;	ID: 3912c510-e714-48a6-b7d1-5c627af082ba
	Domains list:		 7 
BodySet 2	Material: Aluminum 6061
	Bodies list:
			#0	Name: LID3;	ID: 946fb909-8804-481f-a165-5c639cd117f6
	Domains list:		 6 

--------------------------------------------------------------------------
	Positive geometry Bodies
Total resolved Bodies 4 BodySets 4
Unresolved Bodies: 2
	#0 	Name:  	ID: d7286604-3269-4c0c-a3bc-0be3d2a3486c	gi 1	gt 1
	#1 	Name:  	ID: 9ae13bf5-3954-4fe6-a4e3-996c89ffc95c	gi 1	gt 1
BodySet 0
	Bodies list:
			#0	Name: ;	ID: 8f1715fc-93f1-4e4d-baa9-b8356f4e11e9
	Domains list:		 0 
BodySet 1
	Bodies list:
			#0	Name: ;	ID: 26324984-b110-4330-b777-ea7b284c0a6f
	Domains list:		 1 
BodySet 2
	Bodies list:
			#0	Name: ;	ID: 47f4929f-f2e1-4028-9de5-1a56355e00b9
	Domains list:		 6 
BodySet 3
	Bodies list:
			#0	Name: ;	ID: 270a7dd7-a0cd-4c59-a77b-58dbedf19ba1
	Domains list:		 7 

--------------------------------------------------------------------------
	Fluid regions
Total resolved Bodies 1 BodySets 2
BodySet 0	Material: Air; 
	Bodies list:
	Domains list:
BodySet 1	Material: Air; 
	Bodies list:
			#0	Name: ;	ID: 8f1715fc-93f1-4e4d-baa9-b8356f4e11e9
	Domains list:		 0 

--------------------------------------------------------------------------
-----------------CModelBodies2MeshMapper::CollectData finished successfully-------------------
Saving initial mesh in: C:\Users\Usuario ASUS\OneDrive - Universidad de Cundinamarca\Trabajo de grado\Diseño 2.0\simu\2\2.fld .
Storing results...
Estimated CPT size=1.316 MB.
	Time (write bcf): 0.115 s
OK
-----------------------------------------------------------------------
Memory Working Set Current = 53.73 Mb, Memory Working Set Peak = 54.54 Mb
Process Threads Number: 13
-----------------------------------------------------------------------
Cleaning memory...
		Time (free xsl):                    	0.001 s
Free Geometry DB takes 0.000 s
	Time (free bcf): 	0.007 s
		Time (free bcf mesh):               	0.014 s
	Time (free mesher data):              	0.021 s
Copying... OK
Mesh generation normally finished at	4.7.2022	12:9:1
Mesher CPU = 2 sec
Mesher is finished at	4.7.2022	12:9:1
-----------------------------------------------------------------------
Memory Working Set Current = 34.18 Mb, Memory Working Set Peak = 54.54 Mb
Process Threads Number: 13
-----------------------------------------------------------------------
Algebra Pool      : mem_usage = 0.12 Mb, allocated count = 0
Log ended at 04.07.2022	12:09:02
