Log started at 27.07.2022	15:58:17
Number of used processors (NPROC): 4.
Number of mesh partitions (NPART): 4.
Total Physical Memory = 11.87 Gb, Available Physical Memory = 3.55 Gb
Computer name:	DESKTOP-OE63I79
Operating system:	Windows 10 (or higher) (Version 10.0.19043)

SOLIDWORKS 2020 SP0.0
Flow Simulation 2020  x64 / 4708 / MESHER ver. efd_dev.4663_05.07.2019 

Project: C:\Users\Usuario ASUS\OneDrive - Universidad de Cundinamarca\Trabajo de grado\Diseño 2.0\simu\1\1.xmlconfig
Configuration name: Default
Project name: VIENTOS
NGK: OFF
MBO: OFF

Mesh generation started:	27.7.2022	15:58:17
-----------------------------------------------------------------------
Mesher option run = eRunMesherNormal
-----------------------------------------------------------------------
Current CPU = 0 sec
-----------------------------------------------------------------------
Geometries initialization:
-----------------------------------------------------------------------
Loading mesh settings (global/local)...
-----------------------------------------------------------------------
Number of geometries from DB: 1
Geometry(0):
	Guid = {00000000-0000-0000-0000-000000000000}
	Fluid..
	1 Body.
	1 Real body.
	-- Bodyset 0 --
		Tolerance=0.000122474.
		31 Face(s).
			31 of b-spline type.
		0 Face(s) that have no ref faces
		21 Plane surface(s).
		3 Cylinder surface(s).
		7 Extrude surface(s).
		2156 Triangle(s).
		Getting triangle connectivities from DB: 0.001 s
		53 Edge(s).
			53 of b-spline type.
		BodyGeom reading: 0.065 s.
		25 Reference Face(s).
		2144 Reference Triangles.
		Getting triangle connectivities from DB (Ref): 0.000 s
		BodyGeom Ref reading: 0.001 s.
		Getting triangle connectivities from DB (Extra Triangulation): 0.000 s
Geometry(1):
	Solid.
	-- Bodyset 1 --
	Empty
-----------------------------------------------------------------------
Number of geometries in task: 2
Number of bodysets   in task: 2
-----------------------------------------------------------------------
	Making hash and connectivity for Bodyset ...
		CBodyGeom:
		Hash size: {28, 14, 14}.
		Mesh size: {28, 14, 14}.
		Hashing triangles...Ok.
			axis(0) tr sizes: average=50 max=187
			axis(1) tr sizes: average=24 max=352
			axis(2) tr sizes: average=21 max=317
		Number of t-connected sets:2
			(0) size=12
			(1) size=2144 cavity
		Done.
		CBodyGeomRef:
		Hashing triangles...Ok.
			axis(0) tr sizes: average=45 max=180
			axis(1) tr sizes: average=21 max=348
			axis(2) tr sizes: average=18 max=313
		Done.
	0.0113 s.
Geometries reading and preparing has taken 0.095 s.

Mapped triangles:
Hashing geometries triangles
	Triangles num=2156
	Triangles box={-0.494974  ,0.494974  ,-0.243973  ,0.243973  ,0.00602703  ,0.493973  }
		3d-hash size is 70288 bytes
Hashing peculiar surfaces triangles
	Triangles num=41
	Triangles box={-0.491875  ,-0.491875  ,-0.0571037  ,-0.00571707  ,0.285489  ,0.336857  }
		3d-hash size is 22300 bytes
	Triangles num=41
	Triangles box={-0.491875  ,-0.491875  ,-0.0571037  ,-0.00571707  ,0.163189  ,0.214557  }
		3d-hash size is 22264 bytes
	Triangles num=59
	Triangles box={-0.491875  ,-0.491875  ,-0.183402  ,-0.0794844  ,0.136927  ,0.24083  }
		3d-hash size is 22820 bytes
	Triangles num=59
	Triangles box={-0.491875  ,-0.491875  ,-0.183402  ,-0.0794844  ,0.259227  ,0.36313  }
		3d-hash size is 22824 bytes
	Triangles num=48
	Triangles box={0.491875  ,0.491875  ,0.0862474  ,0.155898  ,0.255101  ,0.324858  }
		3d-hash size is 22484 bytes
	Triangles num=48
	Triangles box={0.491875  ,0.491875  ,0.0862474  ,0.155898  ,0.175141  ,0.244898  }
		3d-hash size is 22508 bytes
Mapped triangles processed in 0.014 s.
-----------------------------------------------------------------------
Getting sectors:
Number of sectors: 0
-----------------------------------------------------------------------
-----------------------------------------------------------------------

Current CPU = 0 sec

-----------------------------------------------------------------------
Mesh dimensions:
				I[0 ]=28
				I[1 ]=14
				I[2 ]=14

Comp. domain size:
				a[0  ]=-0.493986
				a[1  ]=0.493986
				a[2  ]=-0.243486
				a[3  ]=0.243486
				a[4  ]=0.006514
				a[5  ]=0.493486

Fluid calculated			1
Solid calculated			0
-----------------------------------------------------------------------
MESH Build started...
-----------------------------------------------------------------------
Mesh LEVEL = 2
-----------------------------------------------------------------------
Setting regions...OK (0.000 s)
Base mesh info------------------
	2D flag  =0
	Period   =[0, 0, 0]
	Nx=28
		x[0]=-0.493986
		x[1]=-0.45869
		x[2]=-0.423405
		x[3]=-0.388121
		x[4]=-0.352836
		x[5]=-0.317551
		x[6]=-0.282267
		x[7]=-0.246982
		x[8]=-0.211697
		x[9]=-0.176412
		x[10]=-0.141128
		x[11]=-0.105843
		x[12]=-0.0705583
		x[13]=-0.0352736
		x[14]=1.10815e-05
		x[15]=0.0352958
		x[16]=0.0705805
		x[17]=0.105865
		x[18]=0.14115
		x[19]=0.176435
		x[20]=0.211719
		x[21]=0.247004
		x[22]=0.282289
		x[23]=0.317574
		x[24]=0.352858
		x[25]=0.388143
		x[26]=0.423428
		x[27]=0.458712
		x[28]=0.493986
	Ny=14
		y[0]=-0.243486
		y[1]=-0.208693
		y[2]=-0.173909
		y[3]=-0.139125
		y[4]=-0.104342
		y[5]=-0.069558
		y[6]=-0.0347743
		y[7]=9.45262e-06
		y[8]=0.0347932
		y[9]=0.0695769
		y[10]=0.104361
		y[11]=0.139144
		y[12]=0.173928
		y[13]=0.208712
		y[14]=0.243486
	Nz=14
		z[0]=0.006514
		z[1]=0.0413057
		z[2]=0.0760894
		z[3]=0.110873
		z[4]=0.145657
		z[5]=0.180441
		z[6]=0.215224
		z[7]=0.250008
		z[8]=0.284792
		z[9]=0.319575
		z[10]=0.354359
		z[11]=0.389143
		z[12]=0.423927
		z[13]=0.45871
		z[14]=0.493486
End of base mesh info---------
Input_mesh_settings--------------------------------
Settings 0----------------
	Scope: GLOBAL
	Type:	------MESHER_SETTINGS----------
	RefAllCells           =0
	RefFluidCells         =0
	RefPartCells          =0
	RefSolidCells         =0
	l_SSFR(Capture crit)  =2
	l_curv(Curvature crit)=0
	l_tol(Tolerance crit) =2
	  k_tol               =0.0130078
	UseChannelRef         =1
	  NCR_method          =0
	  l_NCR               =2
	  N_gap               =7
	  Use d_NCR_min       =0
	  Use d_NCR_max       =0
	IgnoreThinChannelsHeight         =0
	--END_OF_MESHER_SETTINGS-------
End of input mesh settings-------------------------

-----------------------------------------------------------------------
Building geometries:
-----------------------------------------------------------------------
Building body-set (0) of geometry Fluid.0.(0). ...

-----------------------------------------------------------------------
Refining by triangulation...
Refinement input: 5488 bricks
Setting regions...OK (0.000 s)
Setting regions...OK (0.000 s)
Refinement result: 6685 bricks (0.020 s)
Refinement input: 6685 bricks
Refinement result: 6685 bricks (0.000 s)
Collecting and processing rays...OK (0.015 s)
Capturing...OK (0.002 s)
Refining by triangulation takes 0.038 s
-----------------------------------------------------------------------

-----------------------------------------------------------------------
Refining peculiar surfaces...
Refinement input: 6685 bricks
Setting regions...OK (0.000 s)
Refinement result: 6713 bricks (0.001 s)
1 surfaces refined
Refining peculiar surfaces takes 0.003 s
-----------------------------------------------------------------------
Collecting and processing rays...OK (0.001 s)
Capturing...OK (0.000 s)
Collecting and processing rays...OK (0.000 s)
Capturing...OK (0.000 s)
Collecting and processing rays...OK (0.000 s)
Capturing...OK (0.000 s)

-----------------------------------------------------------------------
Base mesh 1 Refining...
Refinement input: 6713 bricks
Refinement result: 6713 bricks (0.000 s)
Collecting and processing rays...OK (0.000 s)
Capturing...OK (0.000 s)
-----------------------------------------------------------------------
Refining channels...
FYI: CNarrowChannelRefiner::RefineChannels_PRLL
Refinement input: 6713 bricks
Setting regions...OK (0.000 s)
Refinement result: 7861 bricks (0.002 s)
Collecting and processing rays...OK (0.007 s)
Capturing...OK (0.001 s)
FYI: m_iteration_count = 0
FYI: level1 statistics:
     level1_cnt_plus[1]=1312;		level1_cnt_minus[1]=0
     level1_cnt_plus[2]=0;		level1_cnt_minus[2]=0
     level1_cnt_plus[3]=0;		level1_cnt_minus[3]=0
     level1_cnt_plus[4]=0;		level1_cnt_minus[4]=0
     level1_cnt_plus[5]=0;		level1_cnt_minus[5]=0
     level1_cnt_plus[6]=0;		level1_cnt_minus[6]=0
     level1_cnt_plus[7]=0;		level1_cnt_minus[7]=0
     level1_cnt_plus[8]=0;		level1_cnt_minus[8]=0
     level1_cnt_plus[9]=0;		level1_cnt_minus[9]=0
Refinement input: 7861 bricks
Setting regions...OK (0.003 s)
Refinement result: 7903 bricks (0.014 s)
Collecting and processing rays...OK (0.006 s)
Capturing...OK (0.000 s)
FYI: m_iteration_count = 1
FYI: level1 statistics:
     level1_cnt_plus[1]=1360;		level1_cnt_minus[1]=0
     level1_cnt_plus[2]=0;		level1_cnt_minus[2]=0
     level1_cnt_plus[3]=0;		level1_cnt_minus[3]=0
     level1_cnt_plus[4]=0;		level1_cnt_minus[4]=0
     level1_cnt_plus[5]=0;		level1_cnt_minus[5]=0
     level1_cnt_plus[6]=0;		level1_cnt_minus[6]=0
     level1_cnt_plus[7]=0;		level1_cnt_minus[7]=0
     level1_cnt_plus[8]=0;		level1_cnt_minus[8]=0
     level1_cnt_plus[9]=0;		level1_cnt_minus[9]=0
Refinement input: 7903 bricks
Setting regions...OK (0.000 s)
Refinement result: 7910 bricks (0.002 s)
Collecting and processing rays...OK (0.001 s)
Capturing...OK (0.000 s)
FYI: m_iteration_count = 2
FYI: level1 statistics:
     level1_cnt_plus[1]=1368;		level1_cnt_minus[1]=0
     level1_cnt_plus[2]=0;		level1_cnt_minus[2]=0
     level1_cnt_plus[3]=0;		level1_cnt_minus[3]=0
     level1_cnt_plus[4]=0;		level1_cnt_minus[4]=0
     level1_cnt_plus[5]=0;		level1_cnt_minus[5]=0
     level1_cnt_plus[6]=0;		level1_cnt_minus[6]=0
     level1_cnt_plus[7]=0;		level1_cnt_minus[7]=0
     level1_cnt_plus[8]=0;		level1_cnt_minus[8]=0
     level1_cnt_plus[9]=0;		level1_cnt_minus[9]=0
FYI: m_iteration_count = 3
FYI: level1 statistics:
     level1_cnt_plus[1]=1368;		level1_cnt_minus[1]=0
     level1_cnt_plus[2]=0;		level1_cnt_minus[2]=0
     level1_cnt_plus[3]=0;		level1_cnt_minus[3]=0
     level1_cnt_plus[4]=0;		level1_cnt_minus[4]=0
     level1_cnt_plus[5]=0;		level1_cnt_minus[5]=0
     level1_cnt_plus[6]=0;		level1_cnt_minus[6]=0
     level1_cnt_plus[7]=0;		level1_cnt_minus[7]=0
     level1_cnt_plus[8]=0;		level1_cnt_minus[8]=0
     level1_cnt_plus[9]=0;		level1_cnt_minus[9]=0
Refinement input: 7910 bricks
Setting regions...OK (0.000 s)
Refinement result: 8967 bricks (0.002 s)
Collecting and processing rays...OK (0.010 s)
Capturing...OK (0.002 s)
FYI: m_iteration_count = 4
FYI: level1 statistics:
     level1_cnt_plus[1]=1595;		level1_cnt_minus[1]=0
     level1_cnt_plus[2]=872;		level1_cnt_minus[2]=0
     level1_cnt_plus[3]=0;		level1_cnt_minus[3]=0
     level1_cnt_plus[4]=0;		level1_cnt_minus[4]=0
     level1_cnt_plus[5]=0;		level1_cnt_minus[5]=0
     level1_cnt_plus[6]=0;		level1_cnt_minus[6]=0
     level1_cnt_plus[7]=0;		level1_cnt_minus[7]=0
     level1_cnt_plus[8]=0;		level1_cnt_minus[8]=0
     level1_cnt_plus[9]=0;		level1_cnt_minus[9]=0
Refinement input: 8967 bricks
Setting regions...OK (0.000 s)
Refinement result: 9079 bricks (0.002 s)
Collecting and processing rays...OK (0.006 s)
Capturing...OK (0.001 s)
FYI: m_iteration_count = 5
FYI: level1 statistics:
     level1_cnt_plus[1]=1597;		level1_cnt_minus[1]=0
     level1_cnt_plus[2]=984;		level1_cnt_minus[2]=0
     level1_cnt_plus[3]=0;		level1_cnt_minus[3]=0
     level1_cnt_plus[4]=0;		level1_cnt_minus[4]=0
     level1_cnt_plus[5]=0;		level1_cnt_minus[5]=0
     level1_cnt_plus[6]=0;		level1_cnt_minus[6]=0
     level1_cnt_plus[7]=0;		level1_cnt_minus[7]=0
     level1_cnt_plus[8]=0;		level1_cnt_minus[8]=0
     level1_cnt_plus[9]=0;		level1_cnt_minus[9]=0
FYI: m_iteration_count = 6
FYI: level1 statistics:
     level1_cnt_plus[1]=1597;		level1_cnt_minus[1]=0
     level1_cnt_plus[2]=984;		level1_cnt_minus[2]=0
     level1_cnt_plus[3]=0;		level1_cnt_minus[3]=0
     level1_cnt_plus[4]=0;		level1_cnt_minus[4]=0
     level1_cnt_plus[5]=0;		level1_cnt_minus[5]=0
     level1_cnt_plus[6]=0;		level1_cnt_minus[6]=0
     level1_cnt_plus[7]=0;		level1_cnt_minus[7]=0
     level1_cnt_plus[8]=0;		level1_cnt_minus[8]=0
     level1_cnt_plus[9]=0;		level1_cnt_minus[9]=0
FYI: level1 statistics:
     level1_cnt_plus[1]=1597;		level1_cnt_minus[1]=0
     level1_cnt_plus[2]=984;		level1_cnt_minus[2]=0
     level1_cnt_plus[3]=0;		level1_cnt_minus[3]=0
     level1_cnt_plus[4]=0;		level1_cnt_minus[4]=0
     level1_cnt_plus[5]=0;		level1_cnt_minus[5]=0
     level1_cnt_plus[6]=0;		level1_cnt_minus[6]=0
     level1_cnt_plus[7]=0;		level1_cnt_minus[7]=0
     level1_cnt_plus[8]=0;		level1_cnt_minus[8]=0
     level1_cnt_plus[9]=0;		level1_cnt_minus[9]=0

-----------------------------------------------------------------------
U-shapes refinement...
Refinement input: 9079 bricks
Refinement result: 9079 bricks (0.008 s)
Collecting and processing rays...OK (0.001 s)
Capturing...OK (0.000 s)
-----------------------------------------------------------------------

-----------------------------------------------------------------------
Equi Distant Refiner:
Equi Distant Refiner takes 0.00 s
-----------------------------------------------------------------------
Building geometry takes 0.29 s
Geometry Fluid.0.
Total		9079
Partial	3715
Fluid		5304
Solid		60
Bad		0

/-Ray Intersection---------------/ Time	0.033 s
Calls			3183
CorrectRay Calls	0



-----------------------------------------------------------------------
Building geometries takes 0.292 s
-----------------------------------------------------------------------

-----------------------------------------------------------------------
PostBuilding geometries:
-----------------------------------------------------------------------
PostBuilding body-set (0) geometry Fluid.0. (0)...
Collecting and processing rays...OK (0.000 s)
Capturing...OK (0.000 s)
PostBuilding geometry takes 0.001 s
Geometry Fluid.0.
Total		9079
Partial	3715
Fluid		5304
Solid		60
Bad		0

-----------------------------------------------------------------------
PostBuilding geometries takes 0.003 s
-----------------------------------------------------------------------
Defect ray count	0
FYI: CNarrowChannelRefiner::RedistributeLevel1_step_1: is finished
FYI: level1 statistics:
     level1_cnt_plus[1]=1245;		level1_cnt_minus[1]=0
     level1_cnt_plus[2]=1336;		level1_cnt_minus[2]=0
     level1_cnt_plus[3]=0;		level1_cnt_minus[3]=0
     level1_cnt_plus[4]=0;		level1_cnt_minus[4]=0
     level1_cnt_plus[5]=0;		level1_cnt_minus[5]=0
     level1_cnt_plus[6]=0;		level1_cnt_minus[6]=0
     level1_cnt_plus[7]=0;		level1_cnt_minus[7]=0
     level1_cnt_plus[8]=0;		level1_cnt_minus[8]=0
     level1_cnt_plus[9]=0;		level1_cnt_minus[9]=0
FYI: CNarrowChannelRefiner::RedistributeLevel1_step_2: is started
FYI: CNarrowChannelRefiner::RedistributeLevel1_step_2: is finished
FYI: level1 statistics:
     level1_cnt_plus[1]=1804;		level1_cnt_minus[1]=0
     level1_cnt_plus[2]=1336;		level1_cnt_minus[2]=0
     level1_cnt_plus[3]=0;		level1_cnt_minus[3]=0
     level1_cnt_plus[4]=0;		level1_cnt_minus[4]=0
     level1_cnt_plus[5]=0;		level1_cnt_minus[5]=0
     level1_cnt_plus[6]=0;		level1_cnt_minus[6]=0
     level1_cnt_plus[7]=0;		level1_cnt_minus[7]=0
     level1_cnt_plus[8]=0;		level1_cnt_minus[8]=0
     level1_cnt_plus[9]=0;		level1_cnt_minus[9]=0
FYI: CNarrowChannelRefiner::RedistributeLevel1_step_3: is started
FYI: CNarrowChannelRefiner::RedistributeLevel1_step_3: is finished
RedistributeLevel1 takes:
FYI: level1 statistics:
     level1_cnt_plus[1]=1804;		level1_cnt_minus[1]=787
     level1_cnt_plus[2]=1336;		level1_cnt_minus[2]=0
     level1_cnt_plus[3]=0;		level1_cnt_minus[3]=0
     level1_cnt_plus[4]=0;		level1_cnt_minus[4]=0
     level1_cnt_plus[5]=0;		level1_cnt_minus[5]=0
     level1_cnt_plus[6]=0;		level1_cnt_minus[6]=0
     level1_cnt_plus[7]=0;		level1_cnt_minus[7]=0
     level1_cnt_plus[8]=0;		level1_cnt_minus[8]=0
     level1_cnt_plus[9]=0;		level1_cnt_minus[9]=0
-----------------------------------------------------------------------
MSH format builder (Iteration 0)
-----------------------------------------------------------------------
Memory Working Set Current = 31.36 Mb, Memory Working Set Peak = 44.31 Mb
Process Threads Number: 13
-----------------------------------------------------------------------
Loading geometries triangulation & x-stacks...OK
x-stacks size = 0.23 Mb
Total bricks count: 9079
-----------------------------------------------------------------------
MSH (Real Geometry) format constructor:
	Getting brick sets...OK (0.001 s)
	Min x-stack xeps = 0.000972972
	D / dh / eps [axis=0] = (0.987972, 0.00881841, 8.81841e-06)
	D / dh / eps [axis=1] = (0.486972, 0.00869357, 8.69357e-06)
	D / dh / eps [axis=2] = (0.486972, 0.00869393, 8.69393e-06)
	Time (xeps): 0.025 s
Level 2
	Set (0)  size: 676
	Set (0)  time: 0.020 s
	Set (1)  size: 676
	Set (1)  time: 0.014 s
Level 1
	Set (0)  size: 1292
	Set (0)  time: 0.031 s
	Set (1)  size: 1291
	Set (1)  time: 0.029 s
Level 0
	Set (0)  size: 2572
	Set (0)  time: 0.022 s
	Set (1)  size: 2572
	Set (1)  time: 0.023 s
Result:
	Bricks number:                        9079

	Memory usage:                         1.962 MB
	Memory usage (per brick):             0.221 KB
	Construction time:                    0.171 s

	Topology features:
	------------------
	- High quality bricks                 100.00 % (9079)
	- Medium quality bricks                 0.00 % (0)
	- Bad quality bricks                    0.00 % (0)
	- Ribs corrected bricks                 0.00 % (0)
	- Points with geom-info (bricks)        0.00 % (0)
	- Points with closest-info (bricks)     0.00 % (0)
	- Triangulated by center (bricks)       0.08 % (7)
	- Facet w-faces mergings (bricks)       0.00 % (0)
	- To refine (bricks)                    0.00 % (0)

-----------------------------------------------------------------------
Memory Working Set Current = 43.43 Mb, Memory Working Set Peak = 44.31 Mb
Process Threads Number: 13
-----------------------------------------------------------------------
-----------------------------------------------------------------------
-----------------------------------------------------------------------
MSH --> BCF format (Iteration 0)...
BCF collector...(remove mode=0)
	Time (alloc counter per brick): 0.001 s
	Brick    count: 9079
	Av.f all count: 9019
	Av.s all count: 3775
	Av.f pid count: 3715
	Av.s pid count: 3715
	Faces fs count: 4791
	Faces ff count: 0
	Faces ss count: 0
	Faces bb count: 0
	Faces fe count: 0
	Faces se count: 4120
	Faces fw count: 8911
	Faces af count: 26272
	Faces as count: 7952
	Time (all count): 	0.037 s
	Time (bcf alloc): 	0.007 s
	Time (shifts alloc): 	0.003 s
	Time (shifts init): 	0.003 s
	Time (bcf fill): 	0.015 s
	Time (add av to faces): 0.000 s
	Time (add faces to av): 0.032 s
Time (bcf collect): 		0.099 s
	AV checker...
	Time (check av): 	0.013 s
	Subdomain checker...
		Subdomains construction time: 0.002 s.
		Subdomains sort time: 0.000 s.
			Subdomain 0 (geom_ind=0): 9019 av
			Subdomain 1 (geom_ind=1): 3775 av
		gi: 0, subdomains: 1, real bodies: 1
		gi: 1, subdomains: 1, real bodies: 0
		Defect subdomains: 0
	Time (check subdoms): 	0.003 s
Time (bcf iteration total): 	0.115 s
	Time (fw-nb): 		0.001 s
	Fixed mutual fw-nb:     1538 (bb: 0)
	Time (fw-nb mutual): 	0.001 s
	Time (fw-nb sort): 	0.000 s
	Fw-opt BEFORE total:    8911 (fs=4791, ff=0, ss=0)
	Fw-opt AFTER  total:    8777 (fs=4657, ff=0, ss=0, failed fw/br=0/0, big_curv=0, big_poly=0)
	Fw-opt RESULT:          134 (res/(fs+ff+ss) = 2.80 %)
	Time (fw-opt): 		0.001 s
	Time (fw-re-order): 	0.001 s
	Time (fw-nb): 		0.013 s
	Fixed mutual fw-nb:     18146 (bb: 0)
	Time (fw-nb mutual): 	0.002 s
	Time (fw-nb sort): 	0.000 s
	Time (rfd fix): 	0.000 s
	Time (av convexity): 	0.005 s
	Time (av small volume): 0.000 s
	Time (diagonal fw-nb): 	0.013 s
	Fixed mutual fw-nb:     0 (bb: 0)
	Time (fw-nb mutual): 	0.001 s
	Time (fw-nb sort): 	0.000 s
	Fluid subdomains: 1
	Faces fw-nb diff sd:    0
	Time (fw-nb diff sd): 	0.004 s
Time (bcf calc): 		0.049 s
-----------------------------------------------------------------------
Time (bcf total): 		0.165 s
-----------------------------------------------------------------------
-----------------------------------------------------------------------
Mega-cv constructor for fluid...
	 0 av's is treated as thin
Relative size generator (threshold = 0.05)...
	Iteration 1 (small cluster count = 4)
	Iteration 2 (small cluster count = 2)
	Iteration 3 (small cluster count = 0)
	 4 mega-cv's generated
	 0 mega-cv's removed
Relative size generator is completed OK (0.001 s)
Apply fa-rules to mega-cv clusters fixes...
OK (0.000 s)
Convert clusters:
	 4 mega-cv's total
Mega-cv count: 4
Time (mega-cv fill): 	0.000 s
Time (mega-cv total): 	0.005 s
-----------------------------------------------------------------------
Mixing plane rotation regions: NO.
Sliding mesh rotation regions: NO.
Fluid/fluid faces: NO.
----------------------------------------------------------
BCF --> BCF.GEOMSUBDOM (bridge arrays):
MESH (0):
	Fluid Subdom Constructor: 1 subdom(s).
	Solid Subdom Constructor: 1 subdom(s).
	Net Asm Subdom Constructor: 0 subdom(s).
	GEOMSUBDOM (0): gi=0 fluid av=9019 cv=9015 fa=26272 fb=0 fw=4657 V=2.284825e-01
	Cache data...OK
	GEOMSUBDOM (1): gi=1 solid av=3775 cv=3775 fa=7952 fb=0 fw=8777 V=5.806848e-03
	Cache data...OK
	Setting nb of w-faces...OK (0.005 s).
	Correcting nb of w-faces...
	Time(correct_fw_nb)=0.004 s

MESH (0) checking:
	GEOMSUBDOM (0):fa_s=19.9050308929433193 fb_s=0.0000000000000000 fw_s=2.3072977119880349 fw_nb=36638
	              :d_const(8815)=7.42745e-15 d_linear(7259)=4.82643e-14
	GEOMSUBDOM (1):fa_s=0.4222733171827047 fb_s=0.0000000000000000 fw_s=4.7060399726920359 fw_nb=53708
	              :d_const(3681)=2.75495e-14 d_linear(3657)=2.40545e-13
MESH (0) checking: OK.
Time (MDS): 	0.038 s
----------------------------------------------------------

-----------------------------------------------------------------------
BCF CHECKSUM DATA (Mesh 0):

BRICK |Level1| Sum:               5263
FACE_A Area Sum:   G.Fluid        19.9050308929433157
FACE_A Area Sum:   G.Solid        0.4222733171827048
FACE_W Area Sum:                  4.7060399726920359
FACE_W Nb   Sum:                  53708
FACE_W min curvatures sum:        -4637.59151888
FACE_W max curvatures sum:        4770.71846581
AV Max Disbalance(Const) :        2.75495e-14 (cid=7650, t={110, 53, 45}, avid=11861, pid=2802)
AV Max Disbalance(Linear):        2.40545e-13 (cid=7156, t={110, 53, 40}, avid=11722, pid=2665)
-----------------------------------------------------------------------


-----------------------------------------------------------------------
MESHER TOPOLOGY DATA:

BRICKS: Total                 9079
BRICKS: 1-CV                  5364
BRICKS: 2-CV                  3715
BRICKS: Bad                   0

AV:     G.Total               12794
AV:     G.Fluid               9019
AV:     G.Solid               3775

AV:     G.Fluid Thin Profile    0.00 % (0)
AV:     G.Solid Thin Profile    0.00 % (0)

AV:     G.Fluid Thin For Mega   0.00 % (0)
AV:     G.Solid Thin For Mega   0.00 % (0)

AV:     G.Fluid Non-Convex      2.62 % (236)
AV:     G.Solid Non-Convex     19.47 % (735)

AV:     G.Fluid Non-Ess-Convex      2.27 % (205)
AV:     G.Solid Non-Ess-Convex     19.21 % (725)

FACE_A: G.Fluid          (af) 26272 (partially opened 7718)
FACE_A: G.Solid          (as) 7952 (partially opened 7718)

FACE_B: G.Total          (b)  0

FACE_W: G.Total                 8777        Brick/Bound
FACE_W: G.Fluid/Solid    (fs_g) 4657        0           
FACE_W: G.Fluid/Fluid    (ff_g) 0           0           
FACE_W: G.Solid/Solid    (ss_g) 0           0           
FACE_W: G.Fluid/External (fe_g) 0
FACE_W: G.Solid/External (se_g) 4120

AV/CV max fa count (on brick side):4
AV/CV max fw count:                4
AV/CV max fb count:                0
AV/CV max fw poly count:           8

MEMORY: Total                   4.774 MB
MEMORY: Per Brick               0.538 KB
-----------------------------------------------------------------------

-----------------------------------------------------------------------
Connectivities information:
	Number of conns: 0
-----------------------------------------------------------------------
	Time (gap size): 	0.025 s
-----------------------------------------------------------------------
Calculating curvature and tolerance criteria...
Curvature: min=0 max=1.5708
Tolerance: min=0 max=0.012574
Calculating curvature and tolerance criteria takes 0.025 s
-----------------------------------------------------------------------
MESH Build(FS) finished. Time=0.852 s
-----------------------------------------------------------------------
Current CPU = 1 sec

Nx=28
Ny=14
Nz=14
Max BRICK Level=2
Mesh Level=2
-----------------CModelBodies2MeshMapper::CollectData started -------------------------------
-----------------CModelBodies2MeshMapper Report -------------------------------
FluidDomains 1 SolidDomains 1 VoidDomains 0 
Domains RefIndexes
Domain 0, Index count 25
Domain 1, Index count 25
----------------- -------------------------------
	ModelBodies
Total resolved Bodies 0 BodySets 0

--------------------------------------------------------------------------
	Positive geometry Bodies
Total resolved Bodies 1 BodySets 1
BodySet 0
	Bodies list:
			#0	Name: ;	ID: 2b2b20e6-4453-422f-b546-cd29795c71b4
	Domains list:		 0 

--------------------------------------------------------------------------
	Fluid regions
Total resolved Bodies 1 BodySets 1
BodySet 0	Material: Air; 
	Bodies list:
			#0	Name: ;	ID: 2b2b20e6-4453-422f-b546-cd29795c71b4
	Domains list:		 0 

--------------------------------------------------------------------------
-----------------CModelBodies2MeshMapper::CollectData finished successfully-------------------
Saving initial mesh in: C:\Users\Usuario ASUS\OneDrive - Universidad de Cundinamarca\Trabajo de grado\Diseño 2.0\simu\1\1.fld .
Storing results...
Estimated CPT size=2.294 MB.
	Time (write bcf): 0.172 s
OK
-----------------------------------------------------------------------
Memory Working Set Current = 51.27 Mb, Memory Working Set Peak = 51.27 Mb
Process Threads Number: 13
-----------------------------------------------------------------------
Cleaning memory...
		Time (free xsl):                    	0.001 s
Free Geometry DB takes 0.000 s
	Time (free bcf): 	0.006 s
		Time (free bcf mesh):               	0.020 s
	Time (free mesher data):              	0.022 s
Copying... OK
Mesh generation normally finished at	27.7.2022	15:58:18
Mesher CPU = 1 sec
Mesher is finished at	27.7.2022	15:58:18
-----------------------------------------------------------------------
Memory Working Set Current = 31.82 Mb, Memory Working Set Peak = 51.85 Mb
Process Threads Number: 13
-----------------------------------------------------------------------
Algebra Pool      : mem_usage = 0.31 Mb, allocated count = 0
Log ended at 27.07.2022	15:58:18
